[32m[Nest] 14955   - [39m2020-02-08 16:59:16   [38;5;3m[NestFactory] [39m[32mStarting Nest application...[39m
[32m[Nest] 14955   - [39m2020-02-08 16:59:16   [38;5;3m[InstanceLoader] [39m[32mTypeOrmModule dependencies initialized[39m[38;5;3m +260ms[39m
[32m[Nest] 14955   - [39m2020-02-08 16:59:16   [38;5;3m[InstanceLoader] [39m[32mAppModule dependencies initialized[39m[38;5;3m +0ms[39m
[32m[Nest] 14955   - [39m2020-02-08 16:59:16   [38;5;3m[InstanceLoader] [39m[32mTypeOrmCoreModule dependencies initialized[39m[38;5;3m +414ms[39m
[32m[Nest] 14955   - [39m2020-02-08 16:59:16   [38;5;3m[InstanceLoader] [39m[32mTypeOrmModule dependencies initialized[39m[38;5;3m +0ms[39m
[32m[Nest] 14955   - [39m2020-02-08 16:59:16   [38;5;3m[InstanceLoader] [39m[32mTypeOrmModule dependencies initialized[39m[38;5;3m +1ms[39m
[32m[Nest] 14955   - [39m2020-02-08 16:59:16   [38;5;3m[InstanceLoader] [39m[32mFuelsModule dependencies initialized[39m[38;5;3m +1ms[39m
[32m[Nest] 14955   - [39m2020-02-08 16:59:16   [38;5;3m[InstanceLoader] [39m[32mStationsModule dependencies initialized[39m[38;5;3m +0ms[39m
[32m[Nest] 14955   - [39m2020-02-08 16:59:16   [38;5;3m[RoutesResolver] [39m[32mAppController {/}:[39m[38;5;3m +7ms[39m
[32m[Nest] 14955   - [39m2020-02-08 16:59:16   [38;5;3m[RouterExplorer] [39m[32mMapped {/, GET} route[39m[38;5;3m +3ms[39m
[32m[Nest] 14955   - [39m2020-02-08 16:59:16   [38;5;3m[RoutesResolver] [39m[32mStationsController {/stations}:[39m[38;5;3m +1ms[39m
[32m[Nest] 14955   - [39m2020-02-08 16:59:16   [38;5;3m[RouterExplorer] [39m[32mMapped {/, POST} route[39m[38;5;3m +3ms[39m
[32m[Nest] 14955   - [39m2020-02-08 16:59:16   [38;5;3m[RouterExplorer] [39m[32mMapped {/, GET} route[39m[38;5;3m +1ms[39m
[32m[Nest] 14955   - [39m2020-02-08 16:59:16   [38;5;3m[RouterExplorer] [39m[32mMapped {/:id, GET} route[39m[38;5;3m +1ms[39m
[32m[Nest] 14955   - [39m2020-02-08 16:59:16   [38;5;3m[RouterExplorer] [39m[32mMapped {/:id, PUT} route[39m[38;5;3m +0ms[39m
[32m[Nest] 14955   - [39m2020-02-08 16:59:16   [38;5;3m[RouterExplorer] [39m[32mMapped {/:id, DELETE} route[39m[38;5;3m +1ms[39m
[32m[Nest] 14955   - [39m2020-02-08 16:59:16   [38;5;3m[RoutesResolver] [39m[32mFuelsController {/fuels}:[39m[38;5;3m +0ms[39m
[32m[Nest] 14955   - [39m2020-02-08 16:59:16   [38;5;3m[RouterExplorer] [39m[32mMapped {/, POST} route[39m[38;5;3m +3ms[39m
[32m[Nest] 14955   - [39m2020-02-08 16:59:16   [38;5;3m[RouterExplorer] [39m[32mMapped {/, GET} route[39m[38;5;3m +0ms[39m
[32m[Nest] 14955   - [39m2020-02-08 16:59:16   [38;5;3m[RouterExplorer] [39m[32mMapped {/:id, GET} route[39m[38;5;3m +1ms[39m
[32m[Nest] 14955   - [39m2020-02-08 16:59:16   [38;5;3m[RouterExplorer] [39m[32mMapped {/:id, PUT} route[39m[38;5;3m +0ms[39m
[32m[Nest] 14955   - [39m2020-02-08 16:59:16   [38;5;3m[RouterExplorer] [39m[32mMapped {/:id, DELETE} route[39m[38;5;3m +1ms[39m
[32m[Nest] 14955   - [39m2020-02-08 16:59:16   [38;5;3m[NestApplication] [39m[32mNest application successfully started[39m[38;5;3m +2ms[39m
